# JRE version: Java(TM) SE Runtime Environment (8.0_40-b27) (build 1.8.0_40-b27)
# Java VM: Java HotSpot(TM) 64-Bit Server VM (25.40-b25 mixed mode bsd-amd64 compressed oops)
Heap:
 PSYoungGen      total 481280K, used 16027K [0x000000076ab00000, 0x000000078c180000, 0x00000007c0000000)
  eden space 449024K, 3% used [0x000000076ab00000,0x000000076baa6c80,0x0000000786180000)
  from space 32256K, 0% used [0x000000078a200000,0x000000078a200000,0x000000078c180000)
  to   space 49152K, 0% used [0x0000000786180000,0x0000000786180000,0x0000000789180000)
 ParOldGen       total 199680K, used 40055K [0x00000006c0000000, 0x00000006cc300000, 0x000000076ab00000)
  object space 199680K, 20% used [0x00000006c0000000,0x00000006c271dfa8,0x00000006cc300000)
 Metaspace       used 58612K, capacity 59442K, committed 60056K, reserved 1101824K
  class space    used 6832K, capacity 7054K, committed 7168K, reserved 1048576K
GC Heap History (10 events):
Event: 4504.398 GC heap before
{Heap before GC invocations=9 (full 2):
 PSYoungGen      total 240640K, used 228352K [0x000000076ab00000, 0x000000077a900000, 0x00000007c0000000)
  eden space 228352K, 100% used [0x000000076ab00000,0x0000000778a00000,0x0000000778a00000)
  from space 12288K, 0% used [0x0000000779d00000,0x0000000779d00000,0x000000077a900000)
  to   space 15872K, 0% used [0x0000000778a00000,0x0000000778a00000,0x0000000779980000)
 ParOldGen       total 126464K, used 20103K [0x00000006c0000000, 0x00000006c7b80000, 0x000000076ab00000)
  object space 126464K, 15% used [0x00000006c0000000,0x00000006c13a1f50,0x00000006c7b80000)
 Metaspace       used 43736K, capacity 44478K, committed 44928K, reserved 1089536K
  class space    used 5020K, capacity 5226K, committed 5248K, reserved 1048576K
Event: 4504.414 GC heap after
Heap after GC invocations=9 (full 2):
 PSYoungGen      total 244224K, used 15863K [0x000000076ab00000, 0x0000000784000000, 0x00000007c0000000)
  eden space 228352K, 0% used [0x000000076ab00000,0x000000076ab00000,0x0000000778a00000)
  from space 15872K, 99% used [0x0000000778a00000,0x000000077997dcd0,0x0000000779980000)
  to   space 20480K, 0% used [0x0000000782c00000,0x0000000782c00000,0x0000000784000000)
 ParOldGen       total 126464K, used 25589K [0x00000006c0000000, 0x00000006c7b80000, 0x000000076ab00000)
  object space 126464K, 20% used [0x00000006c0000000,0x00000006c18fd6f0,0x00000006c7b80000)
 Metaspace       used 43736K, capacity 44478K, committed 44928K, reserved 1089536K
  class space    used 5020K, capacity 5226K, committed 5248K, reserved 1048576K
}
Event: 5008.228 GC heap before
{Heap before GC invocations=10 (full 2):
 PSYoungGen      total 244224K, used 244215K [0x000000076ab00000, 0x0000000784000000, 0x00000007c0000000)
  eden space 228352K, 100% used [0x000000076ab00000,0x0000000778a00000,0x0000000778a00000)
  from space 15872K, 99% used [0x0000000778a00000,0x000000077997dcd0,0x0000000779980000)
  to   space 20480K, 0% used [0x0000000782c00000,0x0000000782c00000,0x0000000784000000)
 ParOldGen       total 126464K, used 25589K [0x00000006c0000000, 0x00000006c7b80000, 0x000000076ab00000)
  object space 126464K, 20% used [0x00000006c0000000,0x00000006c18fd6f0,0x00000006c7b80000)
 Metaspace       used 55615K, capacity 56472K, committed 56960K, reserved 1099776K
  class space    used 6492K, capacity 6717K, committed 6784K, reserved 1048576K
Event: 5008.256 GC heap after
Heap after GC invocations=10 (full 2):
 PSYoungGen      total 378368K, used 20477K [0x000000076ab00000, 0x0000000784080000, 0x00000007c0000000)
  eden space 357888K, 0% used [0x000000076ab00000,0x000000076ab00000,0x0000000780880000)
  from space 20480K, 99% used [0x0000000782c00000,0x0000000783fff648,0x0000000784000000)
  to   space 28672K, 0% used [0x0000000780880000,0x0000000780880000,0x0000000782480000)
 ParOldGen       total 126464K, used 38462K [0x00000006c0000000, 0x00000006c7b80000, 0x000000076ab00000)
  object space 126464K, 30% used [0x00000006c0000000,0x00000006c258f9c8,0x00000006c7b80000)
 Metaspace       used 55615K, capacity 56472K, committed 56960K, reserved 1099776K
  class space    used 6492K, capacity 6717K, committed 6784K, reserved 1048576K
}
Event: 31799.461 GC heap before
{Heap before GC invocations=11 (full 2):
 PSYoungGen      total 378368K, used 378365K [0x000000076ab00000, 0x0000000784080000, 0x00000007c0000000)
  eden space 357888K, 100% used [0x000000076ab00000,0x0000000780880000,0x0000000780880000)
  from space 20480K, 99% used [0x0000000782c00000,0x0000000783fff648,0x0000000784000000)
  to   space 28672K, 0% used [0x0000000780880000,0x0000000780880000,0x0000000782480000)
 ParOldGen       total 126464K, used 38462K [0x00000006c0000000, 0x00000006c7b80000, 0x000000076ab00000)
  object space 126464K, 30% used [0x00000006c0000000,0x00000006c258f9c8,0x00000006c7b80000)
 Metaspace       used 56165K, capacity 56942K, committed 57472K, reserved 1099776K
  class space    used 6499K, capacity 6720K, committed 6784K, reserved 1048576K
Event: 31799.747 GC heap after
Heap after GC invocations=11 (full 2):
 PSYoungGen      total 386560K, used 28665K [0x000000076ab00000, 0x000000078d380000, 0x00000007c0000000)
  eden space 357888K, 0% used [0x000000076ab00000,0x000000076ab00000,0x0000000780880000)
  from space 28672K, 99% used [0x0000000780880000,0x000000078247e4c8,0x0000000782480000)
  to   space 50688K, 0% used [0x000000078a200000,0x000000078a200000,0x000000078d380000)
 ParOldGen       total 126464K, used 82510K [0x00000006c0000000, 0x00000006c7b80000, 0x000000076ab00000)
  object space 126464K, 65% used [0x00000006c0000000,0x00000006c50939c8,0x00000006c7b80000)
 Metaspace       used 56165K, capacity 56942K, committed 57472K, reserved 1099776K
  class space    used 6499K, capacity 6720K, committed 6784K, reserved 1048576K
}
Event: 35006.760 GC heap before
{Heap before GC invocations=12 (full 2):
 PSYoungGen      total 386560K, used 110035K [0x000000076ab00000, 0x000000078d380000, 0x00000007c0000000)
  eden space 357888K, 22% used [0x000000076ab00000,0x000000076fa76968,0x0000000780880000)
  from space 28672K, 99% used [0x0000000780880000,0x000000078247e4c8,0x0000000782480000)
  to   space 50688K, 0% used [0x000000078a200000,0x000000078a200000,0x000000078d380000)
 ParOldGen       total 126464K, used 82510K [0x00000006c0000000, 0x00000006c7b80000, 0x000000076ab00000)
  object space 126464K, 65% used [0x00000006c0000000,0x00000006c50939c8,0x00000006c7b80000)
 Metaspace       used 57919K, capacity 58770K, committed 59160K, reserved 1101824K
  class space    used 6734K, capacity 6986K, committed 7040K, reserved 1048576K
Event: 35006.794 GC heap after
Heap after GC invocations=12 (full 2):
 PSYoungGen      total 481280K, used 11073K [0x000000076ab00000, 0x000000078c180000, 0x00000007c0000000)
  eden space 449024K, 0% used [0x000000076ab00000,0x000000076ab00000,0x0000000786180000)
  from space 32256K, 34% used [0x000000078a200000,0x000000078acd0598,0x000000078c180000)
  to   space 49152K, 0% used [0x0000000786180000,0x0000000786180000,0x0000000789180000)
 ParOldGen       total 126464K, used 98330K [0x00000006c0000000, 0x00000006c7b80000, 0x000000076ab00000)
  object space 126464K, 77% used [0x00000006c0000000,0x00000006c6006920,0x00000006c7b80000)
 Metaspace       used 57919K, capacity 58770K, committed 59160K, reserved 1101824K
  class space    used 6734K, capacity 6986K, committed 7040K, reserved 1048576K
}
Event: 35006.794 GC heap before
{Heap before GC invocations=13 (full 3):
 PSYoungGen      total 481280K, used 11073K [0x000000076ab00000, 0x000000078c180000, 0x00000007c0000000)
  eden space 449024K, 0% used [0x000000076ab00000,0x000000076ab00000,0x0000000786180000)
  from space 32256K, 34% used [0x000000078a200000,0x000000078acd0598,0x000000078c180000)
  to   space 49152K, 0% used [0x0000000786180000,0x0000000786180000,0x0000000789180000)
 ParOldGen       total 126464K, used 98330K [0x00000006c0000000, 0x00000006c7b80000, 0x000000076ab00000)
  object space 126464K, 77% used [0x00000006c0000000,0x00000006c6006920,0x00000006c7b80000)
 Metaspace       used 57919K, capacity 58770K, committed 59160K, reserved 1101824K
  class space    used 6734K, capacity 6986K, committed 7040K, reserved 1048576K
Event: 35007.025 GC heap after
Heap after GC invocations=13 (full 3):
 PSYoungGen      total 481280K, used 0K [0x000000076ab00000, 0x000000078c180000, 0x00000007c0000000)
  eden space 449024K, 0% used [0x000000076ab00000,0x000000076ab00000,0x0000000786180000)
  from space 32256K, 0% used [0x000000078a200000,0x000000078a200000,0x000000078c180000)
  to   space 49152K, 0% used [0x0000000786180000,0x0000000786180000,0x0000000789180000)
 ParOldGen       total 199680K, used 40055K [0x00000006c0000000, 0x00000006cc300000, 0x000000076ab00000)
  object space 199680K, 20% used [0x00000006c0000000,0x00000006c271dfa8,0x00000006cc300000)
 Metaspace       used 57827K, capacity 58642K, committed 59160K, reserved 1101824K
  class space    used 6720K, capacity 6958K, committed 7040K, reserved 1048576K
}

